<?xml version="1.0" encoding="UTF-8"?>
<!-- Generated by org.testng.reporters.JUnitReportReporter -->
<testsuite skipped="0" hostname="DESKTOP-5UB8202" name="happyPathTestCases.CheckoutTestCases" tests="2" failures="0" timestamp="2020-07-15T14:02:49 PDT" time="29.390" errors="0">
  <testcase name="NonLoggedUserPurchase" time="14.037" classname="happyPathTestCases.CheckoutTestCases"/>
  <system-out/>
  <testcase name="LoggedUserPurchase" time="15.353" classname="happyPathTestCases.CheckoutTestCases"/>
  <system-out/>
</testsuite> <!-- happyPathTestCases.CheckoutTestCases -->
