<?xml version="1.0" encoding="UTF-8"?>
<!-- Generated by org.testng.reporters.JUnitReportReporter -->
<testsuite skipped="0" hostname="DESKTOP-5UB8202" name="happyPathTestCases.ShopTestCases" tests="2" failures="0" timestamp="2020-07-16T15:49:04 PDT" time="2.443" errors="0">
  <testcase name="ProductDetail" time="1.718" classname="happyPathTestCases.ShopTestCases"/>
  <system-out/>
  <testcase name="shop" time="0.725" classname="happyPathTestCases.ShopTestCases"/>
  <system-out/>
</testsuite> <!-- happyPathTestCases.ShopTestCases -->
