<?xml version="1.0" encoding="UTF-8"?>
<!-- Generated by org.testng.reporters.JUnitReportReporter -->
<testsuite skipped="0" hostname="FRT_DZAMORA" name="TestCases.MyAccountTestCases" tests="2" failures="0" timestamp="13 jul 2020 22:25:37 GMT" time="37.537" errors="0">
  <testcase name="LogInSimpleUser" time="21.370" classname="TestCases.MyAccountTestCases"/>
  <testcase name="LogOutSimpleUser" time="16.167" classname="TestCases.MyAccountTestCases"/>
</testsuite> <!-- TestCases.MyAccountTestCases -->
