<?xml version="1.0" encoding="UTF-8"?>
<!-- Generated by org.testng.reporters.JUnitReportReporter -->
<testsuite skipped="0" hostname="DESKTOP-5UB8202" name="TestCases.CheckoutTestCases" tests="2" failures="0" timestamp="2020-07-14T19:36:20 PDT" time="30.080" errors="0">
  <testcase name="NonLoggedUserPurchase" time="15.342" classname="TestCases.CheckoutTestCases"/>
  <system-out/>
  <testcase name="LoggedUserPurchase" time="14.738" classname="TestCases.CheckoutTestCases"/>
  <system-out/>
</testsuite> <!-- TestCases.CheckoutTestCases -->
