<?xml version="1.0" encoding="UTF-8"?>
<!-- Generated by org.testng.reporters.JUnitReportReporter -->
<testsuite skipped="0" hostname="DESKTOP-5UB8202" name="happyPathTestCases.ShopTestCases" tests="2" failures="0" timestamp="17 Jul 2020 15:48:55 GMT" time="2.777" errors="0">
  <testcase name="ProductDetail" time="1.962" classname="happyPathTestCases.ShopTestCases"/>
  <testcase name="shop" time="0.815" classname="happyPathTestCases.ShopTestCases"/>
</testsuite> <!-- happyPathTestCases.ShopTestCases -->
