<?xml version="1.0" encoding="UTF-8"?>
<!-- Generated by org.testng.reporters.JUnitReportReporter -->
<testsuite skipped="0" hostname="DESKTOP-5UB8202" name="happyPathTestCases.CheckoutTestCases" tests="2" failures="0" timestamp="17 Jul 2020 15:48:55 GMT" time="35.601" errors="0">
  <testcase name="NonLoggedUserPurchase" time="19.688" classname="happyPathTestCases.CheckoutTestCases"/>
  <testcase name="LoggedUserPurchase" time="15.913" classname="happyPathTestCases.CheckoutTestCases"/>
</testsuite> <!-- happyPathTestCases.CheckoutTestCases -->
