<?xml version="1.0" encoding="UTF-8"?>
<!-- Generated by org.testng.reporters.JUnitReportReporter -->
<testsuite skipped="0" hostname="DESKTOP-5UB8202" name="adminTestCases.UserTestCases" tests="4" failures="0" timestamp="17 Jul 2020 15:48:55 GMT" time="70.227" errors="0">
  <testcase name="CreateCustomerUser" time="20.727" classname="adminTestCases.UserTestCases"/>
  <testcase name="CreateAdministratorUser" time="18.531" classname="adminTestCases.UserTestCases"/>
  <testcase name="ChangeUsersRoles" time="14.938" classname="adminTestCases.UserTestCases"/>
  <testcase name="DeleteSimpleUser" time="16.031" classname="adminTestCases.UserTestCases"/>
</testsuite> <!-- adminTestCases.UserTestCases -->
