<?xml version="1.0" encoding="UTF-8"?>
<!-- Generated by org.testng.reporters.JUnitReportReporter -->
<testsuite skipped="0" hostname="DESKTOP-5UB8202" name="happyPathTestCases.MyAccountTestCases" tests="2" failures="0" timestamp="17 Jul 2020 15:48:55 GMT" time="21.214" errors="0">
  <testcase name="LogInSimpleUser" time="10.595" classname="happyPathTestCases.MyAccountTestCases"/>
  <testcase name="LogOutSimpleUser" time="10.619" classname="happyPathTestCases.MyAccountTestCases"/>
</testsuite> <!-- happyPathTestCases.MyAccountTestCases -->
