<?xml version="1.0" encoding="UTF-8"?>
<!-- Generated by org.testng.reporters.JUnitReportReporter -->
<testsuite skipped="0" hostname="DESKTOP-5UB8202" name="TestCases.MyAccountTestCases" tests="2" failures="0" timestamp="15 Jul 2020 02:55:29 GMT" time="26.144" errors="0">
  <testcase name="LogInSimpleUser" time="14.978" classname="TestCases.MyAccountTestCases"/>
  <testcase name="LogOutSimpleUser" time="11.166" classname="TestCases.MyAccountTestCases"/>
</testsuite> <!-- TestCases.MyAccountTestCases -->
