<?xml version="1.0" encoding="UTF-8"?>
<!-- Generated by org.testng.reporters.JUnitReportReporter -->
<testsuite skipped="0" hostname="DESKTOP-5UB8202" name="TestCases.CheckoutTestCases" tests="2" failures="0" timestamp="15 Jul 2020 02:55:29 GMT" time="34.116" errors="0">
  <testcase name="NonLoggedUserPurchase" time="17.450" classname="TestCases.CheckoutTestCases"/>
  <testcase name="LoggedUserPurchase" time="16.666" classname="TestCases.CheckoutTestCases"/>
</testsuite> <!-- TestCases.CheckoutTestCases -->
